MIF/HEX Update report for nios
Wed Jun 19 00:13:28 2019
Quartus II 64-Bit Version 13.0.1 Build 232 06/12/2013 Service Pack 1 SJ Web Edition


---------------------
; Table of Contents ;
---------------------
  1. Legal Notice
  2. MIF/HEX Update Summary
  3. MIF/HEX Update Processed Files
  4. MIF/HEX Update Messages



----------------
; Legal Notice ;
----------------
Copyright (C) 1991-2013 Altera Corporation
Your use of Altera Corporation's design tools, logic functions 
and other software and tools, and its AMPP partner logic 
functions, and any output files from any of the foregoing 
(including device programming or simulation files), and any 
associated documentation or information are expressly subject 
to the terms and conditions of the Altera Program License 
Subscription Agreement, Altera MegaCore Function License 
Agreement, or other applicable license agreement, including, 
without limitation, that your use is for the sole purpose of 
programming logic devices manufactured by Altera and sold by 
Altera or its authorized distributors.  Please refer to the 
applicable agreement for further details.



+-----------------------------------------------------------+
; MIF/HEX Update Summary                                    ;
+-----------------------+-----------------------------------+
; MIF/HEX Update Status ; Failed - Wed Jun 19 00:13:28 2019 ;
; Revision Name         ; nios                              ;
; Top-level Entity Name ; top                               ;
; Family                ; Cyclone II                        ;
; Device                ; EP2C35F672C6                      ;
+-----------------------+-----------------------------------+


+--------------------------------+
; MIF/HEX Update Processed Files ;
+--------------------------------+
; File Name                      ;
+--------------------------------+


+-------------------------+
; MIF/HEX Update Messages ;
+-------------------------+
Info: *******************************************************************
Info: Running Quartus II 64-Bit MIF/HEX Update
    Info: Version 13.0.1 Build 232 06/12/2013 Service Pack 1 SJ Web Edition
    Info: Processing started: Wed Jun 19 00:13:24 2019
Info: Command: quartus_cdb nios -c nios --update_mif
Warning (39023): Can't find Memory Initialization File nios_nios2_qsys_0_ic_tag_ram.mif -- skipped updates for this file
Warning (39023): Can't find Memory Initialization File nios_nios2_qsys_0_bht_ram.mif -- skipped updates for this file
Warning (39023): Can't find Memory Initialization File nios_nios2_qsys_0_rf_ram_a.mif -- skipped updates for this file
Warning (39023): Can't find Memory Initialization File nios_nios2_qsys_0_rf_ram_b.mif -- skipped updates for this file
Warning (39023): Can't find Memory Initialization File nios_nios2_qsys_0_dc_tag_ram.mif -- skipped updates for this file
Warning (39023): Can't find Memory Initialization File nios_nios2_qsys_0_ociram_default_contents.mif -- skipped updates for this file
Warning (39023): Can't find Memory Initialization File nios_onchip_memory2_0.hex -- skipped updates for this file
Error (39022): Found no valid Memory Initialization File to process
Error: Quartus II 64-Bit MIF/HEX Update was unsuccessful. 1 error, 7 warnings
    Error: Peak virtual memory: 4624 megabytes
    Error: Processing ended: Wed Jun 19 00:13:29 2019
    Error: Elapsed time: 00:00:05
    Error: Total CPU time (on all processors): 00:00:03


