Info: Starting: Create block symbol file (.bsf)
Info: ip-generate --project-directory=C:/Users/User/Documents/nios_repo/nios/ --output-directory=C:/Users/User/Documents/nios_repo/nios/nios/ --report-file=bsf:C:/Users/User/Documents/nios_repo/nios/nios.bsf --system-info=DEVICE_FAMILY="Cyclone II" --system-info=DEVICE=EP2C35F672C6 --system-info=DEVICE_SPEEDGRADE=6 --component-file=C:/Users/User/Documents/nios_repo/nios/nios.qsys
Progress: Loading nios/nios.qsys
Progress: Reading input file
Progress: Adding clk_0 [clock_source 13.0]
Progress: Parameterizing module clk_0
Progress: Adding nios2_qsys_0 [altera_nios2_qsys 13.0]
Progress: Parameterizing module nios2_qsys_0
Progress: Adding onchip_memory2_0 [altera_avalon_onchip_memory2 13.0.1.99.2]
Progress: Parameterizing module onchip_memory2_0
Progress: Adding rs232 [altera_avalon_uart 13.0.1.99.2]
Progress: Parameterizing module rs232
Progress: Adding led [altera_avalon_pio 13.0.1.99.2]
Progress: Parameterizing module led
Progress: Adding write_data [altera_avalon_pio 13.0.1.99.2]
Progress: Parameterizing module write_data
Progress: Adding read_data [altera_avalon_pio 13.0.1.99.2]
Progress: Parameterizing module read_data
Progress: Adding command [altera_avalon_pio 13.0.1.99.2]
Progress: Parameterizing module command
Progress: Building connections
Progress: Parameterizing connections
Progress: Validating
Progress: Done reading input file
Info: nios.write_data: PIO inputs are not hardwired in test bench. Undefined values will be read from PIO inputs during simulation.
Info: nios.read_data: PIO inputs are not hardwired in test bench. Undefined values will be read from PIO inputs during simulation.
Info: ip-generate succeeded.
Info: Finished: Create block symbol file (.bsf)
Info: 
Info: Starting: Create HDL design files for synthesis
Info: ip-generate --project-directory=C:/Users/User/Documents/nios_repo/nios/ --output-directory=C:/Users/User/Documents/nios_repo/nios/nios/synthesis/ --file-set=QUARTUS_SYNTH --report-file=sopcinfo:C:/Users/User/Documents/nios_repo/nios/nios.sopcinfo --report-file=html:C:/Users/User/Documents/nios_repo/nios/nios.html --report-file=qip:C:/Users/User/Documents/nios_repo/nios/nios/synthesis/nios.qip --report-file=cmp:C:/Users/User/Documents/nios_repo/nios/nios.cmp --report-file=svd --system-info=DEVICE_FAMILY="Cyclone II" --system-info=DEVICE=EP2C35F672C6 --system-info=DEVICE_SPEEDGRADE=6 --component-file=C:/Users/User/Documents/nios_repo/nios/nios.qsys --language=VERILOG
Progress: Loading nios/nios.qsys
Progress: Reading input file
Progress: Adding clk_0 [clock_source 13.0]
Progress: Parameterizing module clk_0
Progress: Adding nios2_qsys_0 [altera_nios2_qsys 13.0]
Progress: Parameterizing module nios2_qsys_0
Progress: Adding onchip_memory2_0 [altera_avalon_onchip_memory2 13.0.1.99.2]
Progress: Parameterizing module onchip_memory2_0
Progress: Adding rs232 [altera_avalon_uart 13.0.1.99.2]
Progress: Parameterizing module rs232
Progress: Adding led [altera_avalon_pio 13.0.1.99.2]
Progress: Parameterizing module led
Progress: Adding write_data [altera_avalon_pio 13.0.1.99.2]
Progress: Parameterizing module write_data
Progress: Adding read_data [altera_avalon_pio 13.0.1.99.2]
Progress: Parameterizing module read_data
Progress: Adding command [altera_avalon_pio 13.0.1.99.2]
Progress: Parameterizing module command
Progress: Building connections
Progress: Parameterizing connections
Progress: Validating
Progress: Done reading input file
Info: nios.write_data: PIO inputs are not hardwired in test bench. Undefined values will be read from PIO inputs during simulation.
Info: nios.read_data: PIO inputs are not hardwired in test bench. Undefined values will be read from PIO inputs during simulation.
Info: nios: Generating nios "nios" for QUARTUS_SYNTH
Info: pipeline_bridge_swap_transform: After transform: 8 modules, 26 connections
Info: No custom instruction connections, skipping transform 
Info: merlin_translator_transform: After transform: 17 modules, 53 connections
Info: merlin_domain_transform: After transform: 34 modules, 141 connections
Info: merlin_router_transform: After transform: 43 modules, 168 connections
Info: merlin_traffic_limiter_transform: After transform: 45 modules, 176 connections
Info: reset_adaptation_transform: After transform: 46 modules, 178 connections
Info: merlin_network_to_switch_transform: After transform: 63 modules, 216 connections
Info: limiter_update_transform: After transform: 63 modules, 218 connections
Info: merlin_mm_transform: After transform: 63 modules, 218 connections
Info: merlin_interrupt_mapper_transform: After transform: 64 modules, 221 connections
Warning: nios: "No matching role found for rs232:s1:dataavailable (dataavailable)"
Warning: nios: "No matching role found for rs232:s1:readyfordata (readyfordata)"
Warning: nios: "No matching role found for rst_controller:reset_out:reset_req (reset_req)"
Warning: nios: "No matching role found for rst_controller:reset_out:reset_req (reset_req)"
Warning: nios: "No matching role found for rst_controller:reset_out:reset_req (reset_req)"
Warning: nios: "No matching role found for rst_controller:reset_out:reset_req (reset_req)"
Warning: nios: "No matching role found for rst_controller:reset_out:reset_req (reset_req)"
Warning: nios: "No matching role found for rst_controller:reset_out:reset_req (reset_req)"
Warning: nios: "No matching role found for rst_controller:reset_out:reset_req (reset_req)"
Warning: nios: "No matching role found for rst_controller:reset_out:reset_req (reset_req)"
Warning: nios: "No matching role found for rst_controller:reset_out:reset_req (reset_req)"
Warning: nios: "No matching role found for rst_controller:reset_out:reset_req (reset_req)"
Warning: nios: "No matching role found for rst_controller:reset_out:reset_req (reset_req)"
Warning: nios: "No matching role found for rst_controller:reset_out:reset_req (reset_req)"
Warning: nios: "No matching role found for rst_controller:reset_out:reset_req (reset_req)"
Warning: nios: "No matching role found for rst_controller:reset_out:reset_req (reset_req)"
Warning: nios: "No matching role found for rst_controller:reset_out:reset_req (reset_req)"
Warning: nios: "No matching role found for rst_controller:reset_out:reset_req (reset_req)"
Warning: nios: "No matching role found for rst_controller:reset_out:reset_req (reset_req)"
Warning: nios: "No matching role found for rst_controller:reset_out:reset_req (reset_req)"
Warning: nios: "No matching role found for rst_controller:reset_out:reset_req (reset_req)"
Warning: nios: "No matching role found for rst_controller:reset_out:reset_req (reset_req)"
Warning: nios: "No matching role found for rst_controller:reset_out:reset_req (reset_req)"
Warning: nios: "No matching role found for rst_controller:reset_out:reset_req (reset_req)"
Warning: nios: "No matching role found for rst_controller:reset_out:reset_req (reset_req)"
Warning: nios: "No matching role found for rst_controller:reset_out:reset_req (reset_req)"
Warning: nios: "No matching role found for rst_controller:reset_out:reset_req (reset_req)"
Warning: nios: "No matching role found for rst_controller:reset_out:reset_req (reset_req)"
Warning: nios: "No matching role found for rst_controller:reset_out:reset_req (reset_req)"
Warning: nios: "No matching role found for rst_controller:reset_out:reset_req (reset_req)"
Warning: nios: "No matching role found for rst_controller:reset_out:reset_req (reset_req)"
Warning: nios: "No matching role found for rst_controller:reset_out:reset_req (reset_req)"
Warning: nios: "No matching role found for rst_controller:reset_out:reset_req (reset_req)"
Warning: nios: "No matching role found for rst_controller:reset_out:reset_req (reset_req)"
Warning: nios: "No matching role found for rst_controller:reset_out:reset_req (reset_req)"
Warning: nios: "No matching role found for rst_controller:reset_out:reset_req (reset_req)"
Warning: nios: "No matching role found for rst_controller:reset_out:reset_req (reset_req)"
Warning: nios: "No matching role found for rst_controller:reset_out:reset_req (reset_req)"
Warning: nios: "No matching role found for rst_controller:reset_out:reset_req (reset_req)"
Warning: nios: "No matching role found for rst_controller:reset_out:reset_req (reset_req)"
Warning: nios: "No matching role found for rst_controller:reset_out:reset_req (reset_req)"
Warning: nios: "No matching role found for rst_controller:reset_out:reset_req (reset_req)"
Warning: nios: "No matching role found for rst_controller:reset_out:reset_req (reset_req)"
Warning: nios: "No matching role found for rst_controller:reset_out:reset_req (reset_req)"
Warning: nios: "No matching role found for rst_controller:reset_out:reset_req (reset_req)"
Warning: nios: "No matching role found for rst_controller:reset_out:reset_req (reset_req)"
Warning: nios: "No matching role found for rst_controller:reset_out:reset_req (reset_req)"
Warning: nios: "No matching role found for rst_controller:reset_out:reset_req (reset_req)"
Warning: nios: "No matching role found for rst_controller:reset_out:reset_req (reset_req)"
Warning: nios: "No matching role found for rst_controller:reset_out:reset_req (reset_req)"
Warning: nios: "No matching role found for rst_controller:reset_out:reset_req (reset_req)"
Warning: nios: "No matching role found for rst_controller:reset_out:reset_req (reset_req)"
Warning: nios: "No matching role found for rst_controller:reset_out:reset_req (reset_req)"
Warning: nios: "No matching role found for rst_controller:reset_out:reset_req (reset_req)"
Warning: nios: "No matching role found for rst_controller:reset_out:reset_req (reset_req)"
Warning: nios: "No matching role found for rst_controller:reset_out:reset_req (reset_req)"
Warning: nios: "No matching role found for rst_controller:reset_out:reset_req (reset_req)"
Warning: nios: "No matching role found for rst_controller:reset_out:reset_req (reset_req)"
Warning: nios: "No matching role found for rst_controller:reset_out:reset_req (reset_req)"
Warning: nios: "No matching role found for rst_controller:reset_out:reset_req (reset_req)"
Warning: nios: "No matching role found for rst_controller:reset_out:reset_req (reset_req)"
Warning: nios: "No matching role found for rst_controller:reset_out:reset_req (reset_req)"
Warning: nios: "No matching role found for rst_controller:reset_out:reset_req (reset_req)"
Info: nios2_qsys_0: Starting RTL generation for module 'nios_nios2_qsys_0'
Info: nios2_qsys_0:   Generation command is [exec C:/altera/13.0sp1/quartus/../ip/altera/nios2_ip/altera_nios2/eperl.exe -I C:/altera/13.0sp1/quartus/common/ip/altera/common/perl/5.8.3 -I C:/altera/13.0sp1/quartus/sopc_builder/bin/europa -I C:/altera/13.0sp1/quartus/sopc_builder/bin/perl_lib -I C:/altera/13.0sp1/quartus/sopc_builder/bin -I C:/altera/13.0sp1/quartus/../ip/altera/nios2_ip/altera_nios2/cpu_lib -I C:/altera/13.0sp1/quartus/../ip/altera/nios2_ip/altera_nios2/nios_lib -I C:/altera/13.0sp1/quartus/../ip/altera/nios2_ip/altera_nios2 -I C:/altera/13.0sp1/quartus/../ip/altera/nios2_ip/altera_nios2 -- C:/altera/13.0sp1/quartus/../ip/altera/nios2_ip/altera_nios2/generate_rtl.epl --name=nios_nios2_qsys_0 --dir=C:/Users/User/AppData/Local/Temp/alt8070_3848200234368127716.dir/0001_nios2_qsys_0_gen/ --quartus_dir=C:/altera/13.0sp1/quartus --verilog --config=C:/Users/User/AppData/Local/Temp/alt8070_3848200234368127716.dir/0001_nios2_qsys_0_gen//nios_nios2_qsys_0_processor_configuration.pl  --do_build_sim=0    --bogus  ]
Info: nios2_qsys_0: # 2019.06.22 21:20:58 (*) Starting Nios II generation
Info: nios2_qsys_0: # 2019.06.22 21:20:58 (*)   Checking for plaintext license.
Info: nios2_qsys_0: # 2019.06.22 21:21:00 (*)   Couldn't query license setup in Quartus directory C:/altera/13.0sp1/quartus
Info: nios2_qsys_0: # 2019.06.22 21:21:00 (*)   Defaulting to contents of LM_LICENSE_FILE environment variable
Info: nios2_qsys_0: # 2019.06.22 21:21:00 (*)   LM_LICENSE_FILE environment variable is empty
Info: nios2_qsys_0: # 2019.06.22 21:21:00 (*)   Plaintext license not found.
Info: nios2_qsys_0: # 2019.06.22 21:21:00 (*)   Checking for encrypted license (non-evaluation).
Info: nios2_qsys_0: # 2019.06.22 21:21:01 (*)   Couldn't query license setup in Quartus directory C:/altera/13.0sp1/quartus
Info: nios2_qsys_0: # 2019.06.22 21:21:01 (*)   Defaulting to contents of LM_LICENSE_FILE environment variable
Info: nios2_qsys_0: # 2019.06.22 21:21:01 (*)   LM_LICENSE_FILE environment variable is empty
Info: nios2_qsys_0: # 2019.06.22 21:21:01 (*)   Encrypted license not found.  Defaulting to OCP evaluation license (produces a time-limited SOF)
Info: nios2_qsys_0: # 2019.06.22 21:21:01 (*)   Elaborating CPU configuration settings
Info: nios2_qsys_0: # 2019.06.22 21:21:01 (*)   Creating all objects for CPU
Info: nios2_qsys_0: # 2019.06.22 21:21:01 (*)     Testbench
Info: nios2_qsys_0: # 2019.06.22 21:21:02 (*)     Instruction decoding
Info: nios2_qsys_0: # 2019.06.22 21:21:02 (*)       Instruction fields
Info: nios2_qsys_0: # 2019.06.22 21:21:02 (*)       Instruction decodes
Info: nios2_qsys_0: # 2019.06.22 21:21:03 (*)       Signals for RTL simulation waveforms
Info: nios2_qsys_0: # 2019.06.22 21:21:03 (*)       Instruction controls
Info: nios2_qsys_0: # 2019.06.22 21:21:03 (*)     Pipeline frontend
Info: nios2_qsys_0: # 2019.06.22 21:21:04 (*)     Pipeline backend
Info: nios2_qsys_0: # 2019.06.22 21:21:10 (*)   Generating RTL from CPU objects
Info: nios2_qsys_0: # 2019.06.22 21:21:21 (*)   Creating encrypted RTL
Info: nios2_qsys_0: # 2019.06.22 21:21:24 (*) Done Nios II generation
Info: nios2_qsys_0: Done RTL generation for module 'nios_nios2_qsys_0'
Info: nios2_qsys_0: "nios" instantiated altera_nios2_qsys "nios2_qsys_0"
Info: onchip_memory2_0: Starting RTL generation for module 'nios_onchip_memory2_0'
Info: onchip_memory2_0:   Generation command is [exec C:/altera/13.0sp1/quartus/bin/perl/bin/perl.exe -I C:/altera/13.0sp1/quartus/common/ip/altera/common/perl/5.8.3 -I C:/altera/13.0sp1/quartus/sopc_builder/bin/europa -I C:/altera/13.0sp1/quartus/sopc_builder/bin/perl_lib -I C:/altera/13.0sp1/quartus/sopc_builder/bin -I C:/altera/13.0sp1/quartus/../ip/altera/sopc_builder_ip/common -I C:/altera/13.0sp1/quartus/../ip/altera/sopc_builder_ip/altera_avalon_onchip_memory2 -- C:/altera/13.0sp1/quartus/../ip/altera/sopc_builder_ip/altera_avalon_onchip_memory2/generate_rtl.pl --name=nios_onchip_memory2_0 --dir=C:/Users/User/AppData/Local/Temp/alt8070_3848200234368127716.dir/0002_onchip_memory2_0_gen/ --quartus_dir=C:/altera/13.0sp1/quartus --verilog --config=C:/Users/User/AppData/Local/Temp/alt8070_3848200234368127716.dir/0002_onchip_memory2_0_gen//nios_onchip_memory2_0_component_configuration.pl  --do_build_sim=0  ]
Info: onchip_memory2_0: Done RTL generation for module 'nios_onchip_memory2_0'
Info: onchip_memory2_0: "nios" instantiated altera_avalon_onchip_memory2 "onchip_memory2_0"
Info: rs232: Starting RTL generation for module 'nios_rs232'
Info: rs232:   Generation command is [exec C:/altera/13.0sp1/quartus/bin/perl/bin/perl.exe -I C:/altera/13.0sp1/quartus/common/ip/altera/common/perl/5.8.3 -I C:/altera/13.0sp1/quartus/sopc_builder/bin/europa -I C:/altera/13.0sp1/quartus/sopc_builder/bin/perl_lib -I C:/altera/13.0sp1/quartus/sopc_builder/bin -I C:/altera/13.0sp1/quartus/../ip/altera/sopc_builder_ip/common -I C:/altera/13.0sp1/quartus/../ip/altera/sopc_builder_ip/altera_avalon_uart -- C:/altera/13.0sp1/quartus/../ip/altera/sopc_builder_ip/altera_avalon_uart/generate_rtl.pl --name=nios_rs232 --dir=C:/Users/User/AppData/Local/Temp/alt8070_3848200234368127716.dir/0003_rs232_gen/ --quartus_dir=C:/altera/13.0sp1/quartus --verilog --config=C:/Users/User/AppData/Local/Temp/alt8070_3848200234368127716.dir/0003_rs232_gen//nios_rs232_component_configuration.pl  --do_build_sim=0  ]
Info: rs232: Done RTL generation for module 'nios_rs232'
Info: rs232: "nios" instantiated altera_avalon_uart "rs232"
Info: led: Starting RTL generation for module 'nios_led'
Info: led:   Generation command is [exec C:/altera/13.0sp1/quartus/bin/perl/bin/perl.exe -I C:/altera/13.0sp1/quartus/common/ip/altera/common/perl/5.8.3 -I C:/altera/13.0sp1/quartus/sopc_builder/bin/europa -I C:/altera/13.0sp1/quartus/sopc_builder/bin/perl_lib -I C:/altera/13.0sp1/quartus/sopc_builder/bin -I C:/altera/13.0sp1/quartus/../ip/altera/sopc_builder_ip/common -I C:/altera/13.0sp1/quartus/../ip/altera/sopc_builder_ip/altera_avalon_pio -- C:/altera/13.0sp1/quartus/../ip/altera/sopc_builder_ip/altera_avalon_pio/generate_rtl.pl --name=nios_led --dir=C:/Users/User/AppData/Local/Temp/alt8070_3848200234368127716.dir/0004_led_gen/ --quartus_dir=C:/altera/13.0sp1/quartus --verilog --config=C:/Users/User/AppData/Local/Temp/alt8070_3848200234368127716.dir/0004_led_gen//nios_led_component_configuration.pl  --do_build_sim=0  ]
Info: led: Done RTL generation for module 'nios_led'
Info: led: "nios" instantiated altera_avalon_pio "led"
Info: write_data: Starting RTL generation for module 'nios_write_data'
Info: write_data:   Generation command is [exec C:/altera/13.0sp1/quartus/bin/perl/bin/perl.exe -I C:/altera/13.0sp1/quartus/common/ip/altera/common/perl/5.8.3 -I C:/altera/13.0sp1/quartus/sopc_builder/bin/europa -I C:/altera/13.0sp1/quartus/sopc_builder/bin/perl_lib -I C:/altera/13.0sp1/quartus/sopc_builder/bin -I C:/altera/13.0sp1/quartus/../ip/altera/sopc_builder_ip/common -I C:/altera/13.0sp1/quartus/../ip/altera/sopc_builder_ip/altera_avalon_pio -- C:/altera/13.0sp1/quartus/../ip/altera/sopc_builder_ip/altera_avalon_pio/generate_rtl.pl --name=nios_write_data --dir=C:/Users/User/AppData/Local/Temp/alt8070_3848200234368127716.dir/0005_write_data_gen/ --quartus_dir=C:/altera/13.0sp1/quartus --verilog --config=C:/Users/User/AppData/Local/Temp/alt8070_3848200234368127716.dir/0005_write_data_gen//nios_write_data_component_configuration.pl  --do_build_sim=0  ]
Info: write_data: Done RTL generation for module 'nios_write_data'
Info: write_data: "nios" instantiated altera_avalon_pio "write_data"
Info: command: Starting RTL generation for module 'nios_command'
Info: command:   Generation command is [exec C:/altera/13.0sp1/quartus/bin/perl/bin/perl.exe -I C:/altera/13.0sp1/quartus/common/ip/altera/common/perl/5.8.3 -I C:/altera/13.0sp1/quartus/sopc_builder/bin/europa -I C:/altera/13.0sp1/quartus/sopc_builder/bin/perl_lib -I C:/altera/13.0sp1/quartus/sopc_builder/bin -I C:/altera/13.0sp1/quartus/../ip/altera/sopc_builder_ip/common -I C:/altera/13.0sp1/quartus/../ip/altera/sopc_builder_ip/altera_avalon_pio -- C:/altera/13.0sp1/quartus/../ip/altera/sopc_builder_ip/altera_avalon_pio/generate_rtl.pl --name=nios_command --dir=C:/Users/User/AppData/Local/Temp/alt8070_3848200234368127716.dir/0006_command_gen/ --quartus_dir=C:/altera/13.0sp1/quartus --verilog --config=C:/Users/User/AppData/Local/Temp/alt8070_3848200234368127716.dir/0006_command_gen//nios_command_component_configuration.pl  --do_build_sim=0  ]
Info: command: Done RTL generation for module 'nios_command'
Info: command: "nios" instantiated altera_avalon_pio "command"
Info: nios2_qsys_0_instruction_master_translator: "nios" instantiated altera_merlin_master_translator "nios2_qsys_0_instruction_master_translator"
Info: nios2_qsys_0_jtag_debug_module_translator: "nios" instantiated altera_merlin_slave_translator "nios2_qsys_0_jtag_debug_module_translator"
Info: nios2_qsys_0_instruction_master_translator_avalon_universal_master_0_agent: "nios" instantiated altera_merlin_master_agent "nios2_qsys_0_instruction_master_translator_avalon_universal_master_0_agent"
Info: nios2_qsys_0_jtag_debug_module_translator_avalon_universal_slave_0_agent: "nios" instantiated altera_merlin_slave_agent "nios2_qsys_0_jtag_debug_module_translator_avalon_universal_slave_0_agent"
Info: nios2_qsys_0_jtag_debug_module_translator_avalon_universal_slave_0_agent_rsp_fifo: "nios" instantiated altera_avalon_sc_fifo "nios2_qsys_0_jtag_debug_module_translator_avalon_universal_slave_0_agent_rsp_fifo"
Info: addr_router: "nios" instantiated altera_merlin_router "addr_router"
Info: addr_router_001: "nios" instantiated altera_merlin_router "addr_router_001"
Info: id_router: "nios" instantiated altera_merlin_router "id_router"
Info: id_router_003: "nios" instantiated altera_merlin_router "id_router_003"
Info: limiter: "nios" instantiated altera_merlin_traffic_limiter "limiter"
Info: rst_controller: "nios" instantiated altera_reset_controller "rst_controller"
Info: cmd_xbar_demux: "nios" instantiated altera_merlin_demultiplexer "cmd_xbar_demux"
Info: cmd_xbar_demux_001: "nios" instantiated altera_merlin_demultiplexer "cmd_xbar_demux_001"
Info: cmd_xbar_mux: "nios" instantiated altera_merlin_multiplexer "cmd_xbar_mux"
Info: rsp_xbar_demux: "nios" instantiated altera_merlin_demultiplexer "rsp_xbar_demux"
Info: rsp_xbar_demux_003: "nios" instantiated altera_merlin_demultiplexer "rsp_xbar_demux_003"
Info: rsp_xbar_mux: "nios" instantiated altera_merlin_multiplexer "rsp_xbar_mux"
Info: Reusing file C:/Users/User/Documents/nios_repo/nios/nios/synthesis/submodules/altera_merlin_arbitrator.sv
Info: rsp_xbar_mux_001: "nios" instantiated altera_merlin_multiplexer "rsp_xbar_mux_001"
Info: Reusing file C:/Users/User/Documents/nios_repo/nios/nios/synthesis/submodules/altera_merlin_arbitrator.sv
Info: irq_mapper: "nios" instantiated altera_irq_mapper "irq_mapper"
Info: nios: Done nios" with 26 modules, 88 files, 1829560 bytes
Info: ip-generate succeeded.
Info: Finished: Create HDL design files for synthesis
