Info: Starting: Create block symbol file (.bsf)
Info: ip-generate --project-directory=C:/Users/User/Documents/nios_repo/nios/ --output-directory=C:/Users/User/Documents/nios_repo/nios/nios/ --report-file=bsf:C:/Users/User/Documents/nios_repo/nios/nios.bsf --system-info=DEVICE_FAMILY="Cyclone II" --system-info=DEVICE=EP2C35F672C6 --system-info=DEVICE_SPEEDGRADE=6 --component-file=C:/Users/User/Documents/nios_repo/nios/nios.qsys
Progress: Loading nios/nios.qsys
Progress: Reading input file
Progress: Adding clk_0 [clock_source 13.0]
Progress: Parameterizing module clk_0
Progress: Adding nios2_qsys_0 [altera_nios2_qsys 13.0]
Progress: Parameterizing module nios2_qsys_0
Progress: Adding onchip_memory2_0 [altera_avalon_onchip_memory2 13.0.1.99.2]
Progress: Parameterizing module onchip_memory2_0
Progress: Adding rs232 [altera_avalon_uart 13.0.1.99.2]
Progress: Parameterizing module rs232
Progress: Adding led [altera_avalon_pio 13.0.1.99.2]
Progress: Parameterizing module led
Progress: Adding data [altera_avalon_pio 13.0.1.99.2]
Progress: Parameterizing module data
Progress: Building connections
Progress: Parameterizing connections
Progress: Validating
Progress: Done reading input file
Info: nios.data: PIO inputs are not hardwired in test bench. Undefined values will be read from PIO inputs during simulation.
Info: ip-generate succeeded.
Info: Finished: Create block symbol file (.bsf)
Info: 
Info: Starting: Create HDL design files for synthesis
Info: ip-generate --project-directory=C:/Users/User/Documents/nios_repo/nios/ --output-directory=C:/Users/User/Documents/nios_repo/nios/nios/synthesis/ --file-set=QUARTUS_SYNTH --report-file=sopcinfo:C:/Users/User/Documents/nios_repo/nios/nios.sopcinfo --report-file=html:C:/Users/User/Documents/nios_repo/nios/nios.html --report-file=qip:C:/Users/User/Documents/nios_repo/nios/nios/synthesis/nios.qip --report-file=cmp:C:/Users/User/Documents/nios_repo/nios/nios.cmp --report-file=svd --system-info=DEVICE_FAMILY="Cyclone II" --system-info=DEVICE=EP2C35F672C6 --system-info=DEVICE_SPEEDGRADE=6 --component-file=C:/Users/User/Documents/nios_repo/nios/nios.qsys --language=VERILOG
Progress: Loading nios/nios.qsys
Progress: Reading input file
Progress: Adding clk_0 [clock_source 13.0]
Progress: Parameterizing module clk_0
Progress: Adding nios2_qsys_0 [altera_nios2_qsys 13.0]
Progress: Parameterizing module nios2_qsys_0
Progress: Adding onchip_memory2_0 [altera_avalon_onchip_memory2 13.0.1.99.2]
Progress: Parameterizing module onchip_memory2_0
Progress: Adding rs232 [altera_avalon_uart 13.0.1.99.2]
Progress: Parameterizing module rs232
Progress: Adding led [altera_avalon_pio 13.0.1.99.2]
Progress: Parameterizing module led
Progress: Adding data [altera_avalon_pio 13.0.1.99.2]
Progress: Parameterizing module data
Progress: Building connections
Progress: Parameterizing connections
Progress: Validating
Progress: Done reading input file
Info: nios.data: PIO inputs are not hardwired in test bench. Undefined values will be read from PIO inputs during simulation.
Info: nios: Generating nios "nios" for QUARTUS_SYNTH
Info: pipeline_bridge_swap_transform: After transform: 6 modules, 19 connections
Info: No custom instruction connections, skipping transform 
Info: merlin_translator_transform: After transform: 13 modules, 40 connections
Info: merlin_domain_transform: After transform: 26 modules, 107 connections
Info: merlin_router_transform: After transform: 33 modules, 128 connections
Info: merlin_traffic_limiter_transform: After transform: 35 modules, 136 connections
Info: reset_adaptation_transform: After transform: 36 modules, 138 connections
Info: merlin_network_to_switch_transform: After transform: 49 modules, 166 connections
Info: limiter_update_transform: After transform: 49 modules, 168 connections
Info: merlin_mm_transform: After transform: 49 modules, 168 connections
Info: merlin_interrupt_mapper_transform: After transform: 50 modules, 171 connections
Warning: nios: "No matching role found for rs232:s1:dataavailable (dataavailable)"
Warning: nios: "No matching role found for rs232:s1:readyfordata (readyfordata)"
Warning: nios: "No matching role found for rst_controller:reset_out:reset_req (reset_req)"
Warning: nios: "No matching role found for rst_controller:reset_out:reset_req (reset_req)"
Warning: nios: "No matching role found for rst_controller:reset_out:reset_req (reset_req)"
Warning: nios: "No matching role found for rst_controller:reset_out:reset_req (reset_req)"
Warning: nios: "No matching role found for rst_controller:reset_out:reset_req (reset_req)"
Warning: nios: "No matching role found for rst_controller:reset_out:reset_req (reset_req)"
Warning: nios: "No matching role found for rst_controller:reset_out:reset_req (reset_req)"
Warning: nios: "No matching role found for rst_controller:reset_out:reset_req (reset_req)"
Warning: nios: "No matching role found for rst_controller:reset_out:reset_req (reset_req)"
Warning: nios: "No matching role found for rst_controller:reset_out:reset_req (reset_req)"
Warning: nios: "No matching role found for rst_controller:reset_out:reset_req (reset_req)"
Warning: nios: "No matching role found for rst_controller:reset_out:reset_req (reset_req)"
Warning: nios: "No matching role found for rst_controller:reset_out:reset_req (reset_req)"
Warning: nios: "No matching role found for rst_controller:reset_out:reset_req (reset_req)"
Warning: nios: "No matching role found for rst_controller:reset_out:reset_req (reset_req)"
Warning: nios: "No matching role found for rst_controller:reset_out:reset_req (reset_req)"
Warning: nios: "No matching role found for rst_controller:reset_out:reset_req (reset_req)"
Warning: nios: "No matching role found for rst_controller:reset_out:reset_req (reset_req)"
Warning: nios: "No matching role found for rst_controller:reset_out:reset_req (reset_req)"
Warning: nios: "No matching role found for rst_controller:reset_out:reset_req (reset_req)"
Warning: nios: "No matching role found for rst_controller:reset_out:reset_req (reset_req)"
Warning: nios: "No matching role found for rst_controller:reset_out:reset_req (reset_req)"
Warning: nios: "No matching role found for rst_controller:reset_out:reset_req (reset_req)"
Warning: nios: "No matching role found for rst_controller:reset_out:reset_req (reset_req)"
Warning: nios: "No matching role found for rst_controller:reset_out:reset_req (reset_req)"
Warning: nios: "No matching role found for rst_controller:reset_out:reset_req (reset_req)"
Warning: nios: "No matching role found for rst_controller:reset_out:reset_req (reset_req)"
Warning: nios: "No matching role found for rst_controller:reset_out:reset_req (reset_req)"
Warning: nios: "No matching role found for rst_controller:reset_out:reset_req (reset_req)"
Warning: nios: "No matching role found for rst_controller:reset_out:reset_req (reset_req)"
Warning: nios: "No matching role found for rst_controller:reset_out:reset_req (reset_req)"
Warning: nios: "No matching role found for rst_controller:reset_out:reset_req (reset_req)"
Warning: nios: "No matching role found for rst_controller:reset_out:reset_req (reset_req)"
Warning: nios: "No matching role found for rst_controller:reset_out:reset_req (reset_req)"
Warning: nios: "No matching role found for rst_controller:reset_out:reset_req (reset_req)"
Warning: nios: "No matching role found for rst_controller:reset_out:reset_req (reset_req)"
Warning: nios: "No matching role found for rst_controller:reset_out:reset_req (reset_req)"
Warning: nios: "No matching role found for rst_controller:reset_out:reset_req (reset_req)"
Warning: nios: "No matching role found for rst_controller:reset_out:reset_req (reset_req)"
Warning: nios: "No matching role found for rst_controller:reset_out:reset_req (reset_req)"
Warning: nios: "No matching role found for rst_controller:reset_out:reset_req (reset_req)"
Warning: nios: "No matching role found for rst_controller:reset_out:reset_req (reset_req)"
Warning: nios: "No matching role found for rst_controller:reset_out:reset_req (reset_req)"
Warning: nios: "No matching role found for rst_controller:reset_out:reset_req (reset_req)"
Warning: nios: "No matching role found for rst_controller:reset_out:reset_req (reset_req)"
Warning: nios: "No matching role found for rst_controller:reset_out:reset_req (reset_req)"
Warning: nios: "No matching role found for rst_controller:reset_out:reset_req (reset_req)"
Info: nios2_qsys_0: Starting RTL generation for module 'nios_nios2_qsys_0'
Info: nios2_qsys_0:   Generation command is [exec C:/altera/13.0sp1/quartus/../ip/altera/nios2_ip/altera_nios2/eperl.exe -I C:/altera/13.0sp1/quartus/common/ip/altera/common/perl/5.8.3 -I C:/altera/13.0sp1/quartus/sopc_builder/bin/europa -I C:/altera/13.0sp1/quartus/sopc_builder/bin/perl_lib -I C:/altera/13.0sp1/quartus/sopc_builder/bin -I C:/altera/13.0sp1/quartus/../ip/altera/nios2_ip/altera_nios2/cpu_lib -I C:/altera/13.0sp1/quartus/../ip/altera/nios2_ip/altera_nios2/nios_lib -I C:/altera/13.0sp1/quartus/../ip/altera/nios2_ip/altera_nios2 -I C:/altera/13.0sp1/quartus/../ip/altera/nios2_ip/altera_nios2 -- C:/altera/13.0sp1/quartus/../ip/altera/nios2_ip/altera_nios2/generate_rtl.epl --name=nios_nios2_qsys_0 --dir=C:/Users/User/AppData/Local/Temp/alt8067_1544860444987476828.dir/0001_nios2_qsys_0_gen/ --quartus_dir=C:/altera/13.0sp1/quartus --verilog --config=C:/Users/User/AppData/Local/Temp/alt8067_1544860444987476828.dir/0001_nios2_qsys_0_gen//nios_nios2_qsys_0_processor_configuration.pl  --do_build_sim=0    --bogus  ]
Info: nios2_qsys_0: # 2019.06.20 16:58:35 (*) Starting Nios II generation
Info: nios2_qsys_0: # 2019.06.20 16:58:35 (*)   Checking for plaintext license.
Info: nios2_qsys_0: # 2019.06.20 16:58:36 (*)   Couldn't query license setup in Quartus directory C:/altera/13.0sp1/quartus
Info: nios2_qsys_0: # 2019.06.20 16:58:36 (*)   Defaulting to contents of LM_LICENSE_FILE environment variable
Info: nios2_qsys_0: # 2019.06.20 16:58:36 (*)   LM_LICENSE_FILE environment variable is empty
Info: nios2_qsys_0: # 2019.06.20 16:58:36 (*)   Plaintext license not found.
Info: nios2_qsys_0: # 2019.06.20 16:58:36 (*)   Checking for encrypted license (non-evaluation).
Info: nios2_qsys_0: # 2019.06.20 16:58:37 (*)   Couldn't query license setup in Quartus directory C:/altera/13.0sp1/quartus
Info: nios2_qsys_0: # 2019.06.20 16:58:37 (*)   Defaulting to contents of LM_LICENSE_FILE environment variable
Info: nios2_qsys_0: # 2019.06.20 16:58:37 (*)   LM_LICENSE_FILE environment variable is empty
Info: nios2_qsys_0: # 2019.06.20 16:58:37 (*)   Encrypted license not found.  Defaulting to OCP evaluation license (produces a time-limited SOF)
Info: nios2_qsys_0: # 2019.06.20 16:58:37 (*)   Elaborating CPU configuration settings
Info: nios2_qsys_0: # 2019.06.20 16:58:37 (*)   Creating all objects for CPU
Info: nios2_qsys_0: # 2019.06.20 16:58:37 (*)     Testbench
Info: nios2_qsys_0: # 2019.06.20 16:58:37 (*)     Instruction decoding
Info: nios2_qsys_0: # 2019.06.20 16:58:37 (*)       Instruction fields
Info: nios2_qsys_0: # 2019.06.20 16:58:37 (*)       Instruction decodes
Info: nios2_qsys_0: # 2019.06.20 16:58:38 (*)       Signals for RTL simulation waveforms
Info: nios2_qsys_0: # 2019.06.20 16:58:38 (*)       Instruction controls
Info: nios2_qsys_0: # 2019.06.20 16:58:38 (*)     Pipeline frontend
Info: nios2_qsys_0: # 2019.06.20 16:58:38 (*)     Pipeline backend
Info: nios2_qsys_0: # 2019.06.20 16:58:41 (*)   Generating RTL from CPU objects
Info: nios2_qsys_0: # 2019.06.20 16:58:44 (*)   Creating encrypted RTL
Info: nios2_qsys_0: # 2019.06.20 16:58:46 (*) Done Nios II generation
Info: nios2_qsys_0: Done RTL generation for module 'nios_nios2_qsys_0'
Info: nios2_qsys_0: "nios" instantiated altera_nios2_qsys "nios2_qsys_0"
Info: onchip_memory2_0: Starting RTL generation for module 'nios_onchip_memory2_0'
Info: onchip_memory2_0:   Generation command is [exec C:/altera/13.0sp1/quartus/bin/perl/bin/perl.exe -I C:/altera/13.0sp1/quartus/common/ip/altera/common/perl/5.8.3 -I C:/altera/13.0sp1/quartus/sopc_builder/bin/europa -I C:/altera/13.0sp1/quartus/sopc_builder/bin/perl_lib -I C:/altera/13.0sp1/quartus/sopc_builder/bin -I C:/altera/13.0sp1/quartus/../ip/altera/sopc_builder_ip/common -I C:/altera/13.0sp1/quartus/../ip/altera/sopc_builder_ip/altera_avalon_onchip_memory2 -- C:/altera/13.0sp1/quartus/../ip/altera/sopc_builder_ip/altera_avalon_onchip_memory2/generate_rtl.pl --name=nios_onchip_memory2_0 --dir=C:/Users/User/AppData/Local/Temp/alt8067_1544860444987476828.dir/0002_onchip_memory2_0_gen/ --quartus_dir=C:/altera/13.0sp1/quartus --verilog --config=C:/Users/User/AppData/Local/Temp/alt8067_1544860444987476828.dir/0002_onchip_memory2_0_gen//nios_onchip_memory2_0_component_configuration.pl  --do_build_sim=0  ]
Info: onchip_memory2_0: Done RTL generation for module 'nios_onchip_memory2_0'
Info: onchip_memory2_0: "nios" instantiated altera_avalon_onchip_memory2 "onchip_memory2_0"
Info: rs232: Starting RTL generation for module 'nios_rs232'
Info: rs232:   Generation command is [exec C:/altera/13.0sp1/quartus/bin/perl/bin/perl.exe -I C:/altera/13.0sp1/quartus/common/ip/altera/common/perl/5.8.3 -I C:/altera/13.0sp1/quartus/sopc_builder/bin/europa -I C:/altera/13.0sp1/quartus/sopc_builder/bin/perl_lib -I C:/altera/13.0sp1/quartus/sopc_builder/bin -I C:/altera/13.0sp1/quartus/../ip/altera/sopc_builder_ip/common -I C:/altera/13.0sp1/quartus/../ip/altera/sopc_builder_ip/altera_avalon_uart -- C:/altera/13.0sp1/quartus/../ip/altera/sopc_builder_ip/altera_avalon_uart/generate_rtl.pl --name=nios_rs232 --dir=C:/Users/User/AppData/Local/Temp/alt8067_1544860444987476828.dir/0003_rs232_gen/ --quartus_dir=C:/altera/13.0sp1/quartus --verilog --config=C:/Users/User/AppData/Local/Temp/alt8067_1544860444987476828.dir/0003_rs232_gen//nios_rs232_component_configuration.pl  --do_build_sim=0  ]
Info: rs232: Done RTL generation for module 'nios_rs232'
Info: rs232: "nios" instantiated altera_avalon_uart "rs232"
Info: led: Starting RTL generation for module 'nios_led'
Info: led:   Generation command is [exec C:/altera/13.0sp1/quartus/bin/perl/bin/perl.exe -I C:/altera/13.0sp1/quartus/common/ip/altera/common/perl/5.8.3 -I C:/altera/13.0sp1/quartus/sopc_builder/bin/europa -I C:/altera/13.0sp1/quartus/sopc_builder/bin/perl_lib -I C:/altera/13.0sp1/quartus/sopc_builder/bin -I C:/altera/13.0sp1/quartus/../ip/altera/sopc_builder_ip/common -I C:/altera/13.0sp1/quartus/../ip/altera/sopc_builder_ip/altera_avalon_pio -- C:/altera/13.0sp1/quartus/../ip/altera/sopc_builder_ip/altera_avalon_pio/generate_rtl.pl --name=nios_led --dir=C:/Users/User/AppData/Local/Temp/alt8067_1544860444987476828.dir/0004_led_gen/ --quartus_dir=C:/altera/13.0sp1/quartus --verilog --config=C:/Users/User/AppData/Local/Temp/alt8067_1544860444987476828.dir/0004_led_gen//nios_led_component_configuration.pl  --do_build_sim=0  ]
Info: led: Done RTL generation for module 'nios_led'
Info: led: "nios" instantiated altera_avalon_pio "led"
Info: data: Starting RTL generation for module 'nios_data'
Info: data:   Generation command is [exec C:/altera/13.0sp1/quartus/bin/perl/bin/perl.exe -I C:/altera/13.0sp1/quartus/common/ip/altera/common/perl/5.8.3 -I C:/altera/13.0sp1/quartus/sopc_builder/bin/europa -I C:/altera/13.0sp1/quartus/sopc_builder/bin/perl_lib -I C:/altera/13.0sp1/quartus/sopc_builder/bin -I C:/altera/13.0sp1/quartus/../ip/altera/sopc_builder_ip/common -I C:/altera/13.0sp1/quartus/../ip/altera/sopc_builder_ip/altera_avalon_pio -- C:/altera/13.0sp1/quartus/../ip/altera/sopc_builder_ip/altera_avalon_pio/generate_rtl.pl --name=nios_data --dir=C:/Users/User/AppData/Local/Temp/alt8067_1544860444987476828.dir/0005_data_gen/ --quartus_dir=C:/altera/13.0sp1/quartus --verilog --config=C:/Users/User/AppData/Local/Temp/alt8067_1544860444987476828.dir/0005_data_gen//nios_data_component_configuration.pl  --do_build_sim=0  ]
Info: data: Done RTL generation for module 'nios_data'
Info: data: "nios" instantiated altera_avalon_pio "data"
Info: nios2_qsys_0_instruction_master_translator: "nios" instantiated altera_merlin_master_translator "nios2_qsys_0_instruction_master_translator"
Info: nios2_qsys_0_jtag_debug_module_translator: "nios" instantiated altera_merlin_slave_translator "nios2_qsys_0_jtag_debug_module_translator"
Info: nios2_qsys_0_instruction_master_translator_avalon_universal_master_0_agent: "nios" instantiated altera_merlin_master_agent "nios2_qsys_0_instruction_master_translator_avalon_universal_master_0_agent"
Info: nios2_qsys_0_jtag_debug_module_translator_avalon_universal_slave_0_agent: "nios" instantiated altera_merlin_slave_agent "nios2_qsys_0_jtag_debug_module_translator_avalon_universal_slave_0_agent"
Info: nios2_qsys_0_jtag_debug_module_translator_avalon_universal_slave_0_agent_rsp_fifo: "nios" instantiated altera_avalon_sc_fifo "nios2_qsys_0_jtag_debug_module_translator_avalon_universal_slave_0_agent_rsp_fifo"
Info: addr_router: "nios" instantiated altera_merlin_router "addr_router"
Info: addr_router_001: "nios" instantiated altera_merlin_router "addr_router_001"
Info: id_router: "nios" instantiated altera_merlin_router "id_router"
Info: id_router_002: "nios" instantiated altera_merlin_router "id_router_002"
Info: limiter: "nios" instantiated altera_merlin_traffic_limiter "limiter"
Info: rst_controller: "nios" instantiated altera_reset_controller "rst_controller"
Info: cmd_xbar_demux: "nios" instantiated altera_merlin_demultiplexer "cmd_xbar_demux"
Info: cmd_xbar_demux_001: "nios" instantiated altera_merlin_demultiplexer "cmd_xbar_demux_001"
Info: cmd_xbar_mux: "nios" instantiated altera_merlin_multiplexer "cmd_xbar_mux"
Info: rsp_xbar_demux: "nios" instantiated altera_merlin_demultiplexer "rsp_xbar_demux"
Info: rsp_xbar_demux_002: "nios" instantiated altera_merlin_demultiplexer "rsp_xbar_demux_002"
Info: rsp_xbar_mux: "nios" instantiated altera_merlin_multiplexer "rsp_xbar_mux"
Info: Reusing file C:/Users/User/Documents/nios_repo/nios/nios/synthesis/submodules/altera_merlin_arbitrator.sv
Info: rsp_xbar_mux_001: "nios" instantiated altera_merlin_multiplexer "rsp_xbar_mux_001"
Info: Reusing file C:/Users/User/Documents/nios_repo/nios/nios/synthesis/submodules/altera_merlin_arbitrator.sv
Info: irq_mapper: "nios" instantiated altera_irq_mapper "irq_mapper"
Info: nios: Done nios" with 25 modules, 72 files, 1520433 bytes
Info: ip-generate succeeded.
Info: Finished: Create HDL design files for synthesis
