Info: Starting: Create block symbol file (.bsf)
Info: ip-generate --project-directory=C:/Users/User/Documents/logica_reconfiguravel/Projeosquartus/niosP1-v2/niosP1/ --output-directory=C:/Users/User/Documents/logica_reconfiguravel/Projeosquartus/niosP1-v2/niosP1/HostSystem/ --report-file=bsf:C:/Users/User/Documents/logica_reconfiguravel/Projeosquartus/niosP1-v2/niosP1/HostSystem.bsf --system-info=DEVICE_FAMILY="Cyclone II" --system-info=DEVICE=EP2C35F672C6 --system-info=DEVICE_SPEEDGRADE=6 --component-file=C:/Users/User/Documents/logica_reconfiguravel/Projeosquartus/niosP1-v2/niosP1/HostSystem.qsys
Progress: Loading niosP1/HostSystem.qsys
Progress: Reading input file
Progress: Adding clk_0 [clock_source 13.0]
Progress: Parameterizing module clk_0
Progress: Adding memory [altera_avalon_onchip_memory2 13.0.1.99.2]
Progress: Parameterizing module memory
Progress: Adding nios2_qsys_0 [altera_nios2_qsys 13.0]
Progress: Parameterizing module nios2_qsys_0
Progress: Adding uart_0 [altera_avalon_uart 13.0.1.99.2]
Progress: Parameterizing module uart_0
Progress: Building connections
Progress: Parameterizing connections
Progress: Validating
Progress: Done reading input file
Warning: HostSystem.nios2_qsys_0: No Debugger.  You will not be able to download or debug programs
Info: ip-generate succeeded.
Info: Finished: Create block symbol file (.bsf)
Info: 
Info: Starting: Create HDL design files for synthesis
Info: ip-generate --project-directory=C:/Users/User/Documents/logica_reconfiguravel/Projeosquartus/niosP1-v2/niosP1/ --output-directory=C:/Users/User/Documents/logica_reconfiguravel/Projeosquartus/niosP1-v2/niosP1/HostSystem/synthesis/ --file-set=QUARTUS_SYNTH --report-file=sopcinfo:C:/Users/User/Documents/logica_reconfiguravel/Projeosquartus/niosP1-v2/niosP1/HostSystem.sopcinfo --report-file=html:C:/Users/User/Documents/logica_reconfiguravel/Projeosquartus/niosP1-v2/niosP1/HostSystem.html --report-file=qip:C:/Users/User/Documents/logica_reconfiguravel/Projeosquartus/niosP1-v2/niosP1/HostSystem/synthesis/HostSystem.qip --report-file=cmp:C:/Users/User/Documents/logica_reconfiguravel/Projeosquartus/niosP1-v2/niosP1/HostSystem.cmp --report-file=svd --system-info=DEVICE_FAMILY="Cyclone II" --system-info=DEVICE=EP2C35F672C6 --system-info=DEVICE_SPEEDGRADE=6 --component-file=C:/Users/User/Documents/logica_reconfiguravel/Projeosquartus/niosP1-v2/niosP1/HostSystem.qsys --language=VERILOG
Progress: Loading niosP1/HostSystem.qsys
Progress: Reading input file
Progress: Adding clk_0 [clock_source 13.0]
Progress: Parameterizing module clk_0
Progress: Adding memory [altera_avalon_onchip_memory2 13.0.1.99.2]
Progress: Parameterizing module memory
Progress: Adding nios2_qsys_0 [altera_nios2_qsys 13.0]
Progress: Parameterizing module nios2_qsys_0
Progress: Adding uart_0 [altera_avalon_uart 13.0.1.99.2]
Progress: Parameterizing module uart_0
Progress: Building connections
Progress: Parameterizing connections
Progress: Validating
Progress: Done reading input file
Warning: HostSystem.nios2_qsys_0: No Debugger.  You will not be able to download or debug programs
Info: HostSystem: Generating HostSystem "HostSystem" for QUARTUS_SYNTH
Info: pipeline_bridge_swap_transform: After transform: 4 modules, 10 connections
Info: No custom instruction connections, skipping transform 
Info: merlin_translator_transform: After transform: 8 modules, 22 connections
Info: merlin_domain_transform: After transform: 15 modules, 57 connections
Info: merlin_router_transform: After transform: 19 modules, 69 connections
Info: reset_adaptation_transform: After transform: 20 modules, 71 connections
Info: merlin_network_to_switch_transform: After transform: 27 modules, 85 connections
Info: merlin_mm_transform: After transform: 27 modules, 85 connections
Info: merlin_interrupt_mapper_transform: After transform: 28 modules, 88 connections
Warning: HostSystem: "No matching role found for uart_0:s1:dataavailable (dataavailable)"
Warning: HostSystem: "No matching role found for uart_0:s1:readyfordata (readyfordata)"
Warning: HostSystem: "No matching role found for rst_controller:reset_out:reset_req (reset_req)"
Warning: HostSystem: "No matching role found for rst_controller:reset_out:reset_req (reset_req)"
Warning: HostSystem: "No matching role found for rst_controller:reset_out:reset_req (reset_req)"
Warning: HostSystem: "No matching role found for rst_controller:reset_out:reset_req (reset_req)"
Warning: HostSystem: "No matching role found for rst_controller:reset_out:reset_req (reset_req)"
Warning: HostSystem: "No matching role found for rst_controller:reset_out:reset_req (reset_req)"
Warning: HostSystem: "No matching role found for rst_controller:reset_out:reset_req (reset_req)"
Warning: HostSystem: "No matching role found for rst_controller:reset_out:reset_req (reset_req)"
Warning: HostSystem: "No matching role found for rst_controller:reset_out:reset_req (reset_req)"
Warning: HostSystem: "No matching role found for rst_controller:reset_out:reset_req (reset_req)"
Warning: HostSystem: "No matching role found for rst_controller:reset_out:reset_req (reset_req)"
Warning: HostSystem: "No matching role found for rst_controller:reset_out:reset_req (reset_req)"
Warning: HostSystem: "No matching role found for rst_controller:reset_out:reset_req (reset_req)"
Warning: HostSystem: "No matching role found for rst_controller:reset_out:reset_req (reset_req)"
Warning: HostSystem: "No matching role found for rst_controller:reset_out:reset_req (reset_req)"
Warning: HostSystem: "No matching role found for rst_controller:reset_out:reset_req (reset_req)"
Warning: HostSystem: "No matching role found for rst_controller:reset_out:reset_req (reset_req)"
Warning: HostSystem: "No matching role found for rst_controller:reset_out:reset_req (reset_req)"
Warning: HostSystem: "No matching role found for rst_controller:reset_out:reset_req (reset_req)"
Warning: HostSystem: "No matching role found for rst_controller:reset_out:reset_req (reset_req)"
Warning: HostSystem: "No matching role found for rst_controller:reset_out:reset_req (reset_req)"
Warning: HostSystem: "No matching role found for rst_controller:reset_out:reset_req (reset_req)"
Warning: HostSystem: "No matching role found for rst_controller:reset_out:reset_req (reset_req)"
Warning: HostSystem: "No matching role found for rst_controller:reset_out:reset_req (reset_req)"
Warning: HostSystem: "No matching role found for rst_controller:reset_out:reset_req (reset_req)"
Info: memory: Starting RTL generation for module 'HostSystem_memory'
Info: memory:   Generation command is [exec C:/altera/13.0sp1/quartus/bin/perl/bin/perl.exe -I C:/altera/13.0sp1/quartus/common/ip/altera/common/perl/5.8.3 -I C:/altera/13.0sp1/quartus/sopc_builder/bin/europa -I C:/altera/13.0sp1/quartus/sopc_builder/bin/perl_lib -I C:/altera/13.0sp1/quartus/sopc_builder/bin -I C:/altera/13.0sp1/quartus/../ip/altera/sopc_builder_ip/common -I C:/altera/13.0sp1/quartus/../ip/altera/sopc_builder_ip/altera_avalon_onchip_memory2 -- C:/altera/13.0sp1/quartus/../ip/altera/sopc_builder_ip/altera_avalon_onchip_memory2/generate_rtl.pl --name=HostSystem_memory --dir=C:/Users/User/AppData/Local/Temp/alt8065_760204967280987780.dir/0001_memory_gen/ --quartus_dir=C:/altera/13.0sp1/quartus --verilog --config=C:/Users/User/AppData/Local/Temp/alt8065_760204967280987780.dir/0001_memory_gen//HostSystem_memory_component_configuration.pl  --do_build_sim=0  ]
Info: memory: Done RTL generation for module 'HostSystem_memory'
Info: memory: "HostSystem" instantiated altera_avalon_onchip_memory2 "memory"
Info: nios2_qsys_0: Starting RTL generation for module 'HostSystem_nios2_qsys_0'
Info: nios2_qsys_0:   Generation command is [exec C:/altera/13.0sp1/quartus/../ip/altera/nios2_ip/altera_nios2/eperl.exe -I C:/altera/13.0sp1/quartus/common/ip/altera/common/perl/5.8.3 -I C:/altera/13.0sp1/quartus/sopc_builder/bin/europa -I C:/altera/13.0sp1/quartus/sopc_builder/bin/perl_lib -I C:/altera/13.0sp1/quartus/sopc_builder/bin -I C:/altera/13.0sp1/quartus/../ip/altera/nios2_ip/altera_nios2/cpu_lib -I C:/altera/13.0sp1/quartus/../ip/altera/nios2_ip/altera_nios2/nios_lib -I C:/altera/13.0sp1/quartus/../ip/altera/nios2_ip/altera_nios2 -I C:/altera/13.0sp1/quartus/../ip/altera/nios2_ip/altera_nios2 -- C:/altera/13.0sp1/quartus/../ip/altera/nios2_ip/altera_nios2/generate_rtl.epl --name=HostSystem_nios2_qsys_0 --dir=C:/Users/User/AppData/Local/Temp/alt8065_760204967280987780.dir/0002_nios2_qsys_0_gen/ --quartus_dir=C:/altera/13.0sp1/quartus --verilog --config=C:/Users/User/AppData/Local/Temp/alt8065_760204967280987780.dir/0002_nios2_qsys_0_gen//HostSystem_nios2_qsys_0_processor_configuration.pl  --do_build_sim=0    --bogus  ]
Info: nios2_qsys_0: # 2019.06.18 00:17:26 (*) Starting Nios II generation
Info: nios2_qsys_0: # 2019.06.18 00:17:26 (*)   Checking for plaintext license.
Info: nios2_qsys_0: # 2019.06.18 00:17:28 (*)   Couldn't query license setup in Quartus directory C:/altera/13.0sp1/quartus
Info: nios2_qsys_0: # 2019.06.18 00:17:28 (*)   Defaulting to contents of LM_LICENSE_FILE environment variable
Info: nios2_qsys_0: # 2019.06.18 00:17:28 (*)   LM_LICENSE_FILE environment variable is empty
Info: nios2_qsys_0: # 2019.06.18 00:17:28 (*)   Plaintext license not found.
Info: nios2_qsys_0: # 2019.06.18 00:17:28 (*)   No license required to generate encrypted Nios II/e.
Info: nios2_qsys_0: # 2019.06.18 00:17:28 (*)   Elaborating CPU configuration settings
Info: nios2_qsys_0: # 2019.06.18 00:17:28 (*)   Creating all objects for CPU
Info: nios2_qsys_0: # 2019.06.18 00:17:29 (*)   Generating RTL from CPU objects
Info: nios2_qsys_0: # 2019.06.18 00:17:29 (*)   Creating plain-text RTL
Info: nios2_qsys_0: # 2019.06.18 00:17:29 (*) Done Nios II generation
Info: nios2_qsys_0: Done RTL generation for module 'HostSystem_nios2_qsys_0'
Info: nios2_qsys_0: "HostSystem" instantiated altera_nios2_qsys "nios2_qsys_0"
Info: uart_0: Starting RTL generation for module 'HostSystem_uart_0'
Info: uart_0:   Generation command is [exec C:/altera/13.0sp1/quartus/bin/perl/bin/perl.exe -I C:/altera/13.0sp1/quartus/common/ip/altera/common/perl/5.8.3 -I C:/altera/13.0sp1/quartus/sopc_builder/bin/europa -I C:/altera/13.0sp1/quartus/sopc_builder/bin/perl_lib -I C:/altera/13.0sp1/quartus/sopc_builder/bin -I C:/altera/13.0sp1/quartus/../ip/altera/sopc_builder_ip/common -I C:/altera/13.0sp1/quartus/../ip/altera/sopc_builder_ip/altera_avalon_uart -- C:/altera/13.0sp1/quartus/../ip/altera/sopc_builder_ip/altera_avalon_uart/generate_rtl.pl --name=HostSystem_uart_0 --dir=C:/Users/User/AppData/Local/Temp/alt8065_760204967280987780.dir/0003_uart_0_gen/ --quartus_dir=C:/altera/13.0sp1/quartus --verilog --config=C:/Users/User/AppData/Local/Temp/alt8065_760204967280987780.dir/0003_uart_0_gen//HostSystem_uart_0_component_configuration.pl  --do_build_sim=0  ]
Info: uart_0: Done RTL generation for module 'HostSystem_uart_0'
Info: uart_0: "HostSystem" instantiated altera_avalon_uart "uart_0"
Info: nios2_qsys_0_data_master_translator: "HostSystem" instantiated altera_merlin_master_translator "nios2_qsys_0_data_master_translator"
Info: memory_s1_translator: "HostSystem" instantiated altera_merlin_slave_translator "memory_s1_translator"
Info: nios2_qsys_0_data_master_translator_avalon_universal_master_0_agent: "HostSystem" instantiated altera_merlin_master_agent "nios2_qsys_0_data_master_translator_avalon_universal_master_0_agent"
Info: memory_s1_translator_avalon_universal_slave_0_agent: "HostSystem" instantiated altera_merlin_slave_agent "memory_s1_translator_avalon_universal_slave_0_agent"
Info: memory_s1_translator_avalon_universal_slave_0_agent_rsp_fifo: "HostSystem" instantiated altera_avalon_sc_fifo "memory_s1_translator_avalon_universal_slave_0_agent_rsp_fifo"
Info: addr_router: "HostSystem" instantiated altera_merlin_router "addr_router"
Info: addr_router_001: "HostSystem" instantiated altera_merlin_router "addr_router_001"
Info: id_router: "HostSystem" instantiated altera_merlin_router "id_router"
Info: id_router_001: "HostSystem" instantiated altera_merlin_router "id_router_001"
Info: rst_controller: "HostSystem" instantiated altera_reset_controller "rst_controller"
Info: cmd_xbar_demux: "HostSystem" instantiated altera_merlin_demultiplexer "cmd_xbar_demux"
Info: cmd_xbar_demux_001: "HostSystem" instantiated altera_merlin_demultiplexer "cmd_xbar_demux_001"
Info: cmd_xbar_mux: "HostSystem" instantiated altera_merlin_multiplexer "cmd_xbar_mux"
Info: rsp_xbar_mux: "HostSystem" instantiated altera_merlin_multiplexer "rsp_xbar_mux"
Info: Reusing file C:/Users/User/Documents/logica_reconfiguravel/Projeosquartus/niosP1-v2/niosP1/HostSystem/synthesis/submodules/altera_merlin_arbitrator.sv
Info: irq_mapper: "HostSystem" instantiated altera_irq_mapper "irq_mapper"
Info: HostSystem: Done HostSystem" with 19 modules, 35 files, 643300 bytes
Info: ip-generate succeeded.
Info: Finished: Create HDL design files for synthesis
